<?xml version="1.0" encoding="UTF-8"?>
<!-- Generated by org.testng.reporters.JUnitXMLReporter -->
<testsuite ignored="0" hostname="DESKTOP-Q9NQ067" failures="0" tests="3" name="Test" time="50.203" errors="0" timestamp="08 Jul 2018 15:22:44 GMT">
  <testcase classname="com.flipkart.TestCases.VerifyLogin" name="VerifyValidLogin" time="20.242"/>
  <testcase classname="com.flipkart.TestCases.VerifyLoginBoxClose" name="VerifyClickClose" time="14.528"/>
  <testcase classname="com.flipkart.TestCases.VerifyLoginBoxClose" name="VerifyEscClose" time="15.315"/>
</testsuite> <!-- Test -->
